# JRE version: OpenJDK Runtime Environment (8.0_242-b01) (build 1.8.0_242-release-1644-b01)
# Java VM: OpenJDK 64-Bit Server VM (25.242-b01 mixed mode windows-amd64 compressed oops)
Heap:
 PSYoungGen      total 448512K, used 53487K [0x00000000d5580000, 0x00000000f5400000, 0x0000000100000000)
  eden space 395776K, 4% used [0x00000000d5580000,0x00000000d6761a38,0x00000000ed800000)
  from space 52736K, 66% used [0x00000000f2080000,0x00000000f42da390,0x00000000f5400000)
  to   space 63488K, 0% used [0x00000000ed800000,0x00000000ed800000,0x00000000f1600000)
 ParOldGen       total 159232K, used 124365K [0x0000000080000000, 0x0000000089b80000, 0x00000000d5580000)
  object space 159232K, 78% used [0x0000000080000000,0x0000000087973438,0x0000000089b80000)
 Metaspace       used 100398K, capacity 105224K, committed 106136K, reserved 1140736K
  class space    used 13114K, capacity 14062K, committed 14256K, reserved 1048576K
GC Heap History (10 events):
Event: 151.794 GC heap before
{Heap before GC invocations=38 (full 6):
 PSYoungGen      total 425472K, used 358912K [0x00000000d5580000, 0x00000000f6000000, 0x0000000100000000)
  eden space 358912K, 100% used [0x00000000d5580000,0x00000000eb400000,0x00000000eb400000)
  from space 66560K, 0% used [0x00000000eb400000,0x00000000eb400000,0x00000000ef500000)
  to   space 65024K, 0% used [0x00000000f2080000,0x00000000f2080000,0x00000000f6000000)
 ParOldGen       total 159232K, used 124349K [0x0000000080000000, 0x0000000089b80000, 0x00000000d5580000)
  object space 159232K, 78% used [0x0000000080000000,0x000000008796f438,0x0000000089b80000)
 Metaspace       used 100232K, capacity 105050K, committed 105880K, reserved 1140736K
  class space    used 13110K, capacity 14029K, committed 14256K, reserved 1048576K
Event: 151.860 GC heap after
Heap after GC invocations=38 (full 6):
 PSYoungGen      total 448512K, used 7753K [0x00000000d5580000, 0x00000000f5400000, 0x0000000100000000)
  eden space 395776K, 0% used [0x00000000d5580000,0x00000000d5580000,0x00000000ed800000)
  from space 52736K, 14% used [0x00000000f2080000,0x00000000f2812750,0x00000000f5400000)
  to   space 63488K, 0% used [0x00000000ed800000,0x00000000ed800000,0x00000000f1600000)
 ParOldGen       total 159232K, used 124357K [0x0000000080000000, 0x0000000089b80000, 0x00000000d5580000)
  object space 159232K, 78% used [0x0000000080000000,0x0000000087971438,0x0000000089b80000)
 Metaspace       used 100232K, capacity 105050K, committed 105880K, reserved 1140736K
  class space    used 13110K, capacity 14029K, committed 14256K, reserved 1048576K
}
Event: 153.386 GC heap before
{Heap before GC invocations=39 (full 6):
 PSYoungGen      total 448512K, used 403529K [0x00000000d5580000, 0x00000000f5400000, 0x0000000100000000)
  eden space 395776K, 100% used [0x00000000d5580000,0x00000000ed800000,0x00000000ed800000)
  from space 52736K, 14% used [0x00000000f2080000,0x00000000f2812750,0x00000000f5400000)
  to   space 63488K, 0% used [0x00000000ed800000,0x00000000ed800000,0x00000000f1600000)
 ParOldGen       total 159232K, used 124357K [0x0000000080000000, 0x0000000089b80000, 0x00000000d5580000)
  object space 159232K, 78% used [0x0000000080000000,0x0000000087971438,0x0000000089b80000)
 Metaspace       used 100246K, capacity 105056K, committed 105880K, reserved 1140736K
  class space    used 13111K, capacity 14030K, committed 14256K, reserved 1048576K
Event: 153.688 GC heap after
Heap after GC invocations=39 (full 6):
 PSYoungGen      total 459264K, used 20892K [0x00000000d5580000, 0x00000000f5400000, 0x0000000100000000)
  eden space 395776K, 0% used [0x00000000d5580000,0x00000000d5580000,0x00000000ed800000)
  from space 63488K, 32% used [0x00000000ed800000,0x00000000eec670a0,0x00000000f1600000)
  to   space 52736K, 0% used [0x00000000f2080000,0x00000000f2080000,0x00000000f5400000)
 ParOldGen       total 159232K, used 124365K [0x0000000080000000, 0x0000000089b80000, 0x00000000d5580000)
  object space 159232K, 78% used [0x0000000080000000,0x0000000087973438,0x0000000089b80000)
 Metaspace       used 100246K, capacity 105056K, committed 105880K, reserved 1140736K
  class space    used 13111K, capacity 14030K, committed 14256K, reserved 1048576K
}
Event: 159.490 GC heap before
{Heap before GC invocations=40 (full 6):
 PSYoungGen      total 459264K, used 416668K [0x00000000d5580000, 0x00000000f5400000, 0x0000000100000000)
  eden space 395776K, 100% used [0x00000000d5580000,0x00000000ed800000,0x00000000ed800000)
  from space 63488K, 32% used [0x00000000ed800000,0x00000000eec670a0,0x00000000f1600000)
  to   space 52736K, 0% used [0x00000000f2080000,0x00000000f2080000,0x00000000f5400000)
 ParOldGen       total 159232K, used 124365K [0x0000000080000000, 0x0000000089b80000, 0x00000000d5580000)
  object space 159232K, 78% used [0x0000000080000000,0x0000000087973438,0x0000000089b80000)
 Metaspace       used 100256K, capacity 105060K, committed 105880K, reserved 1140736K
  class space    used 13111K, capacity 14030K, committed 14256K, reserved 1048576K
Event: 159.560 GC heap after
Heap after GC invocations=40 (full 6):
 PSYoungGen      total 448512K, used 24815K [0x00000000d5580000, 0x00000000f5400000, 0x0000000100000000)
  eden space 395776K, 0% used [0x00000000d5580000,0x00000000d5580000,0x00000000ed800000)
  from space 52736K, 47% used [0x00000000f2080000,0x00000000f38bbd20,0x00000000f5400000)
  to   space 63488K, 0% used [0x00000000ed800000,0x00000000ed800000,0x00000000f1600000)
 ParOldGen       total 159232K, used 124365K [0x0000000080000000, 0x0000000089b80000, 0x00000000d5580000)
  object space 159232K, 78% used [0x0000000080000000,0x0000000087973438,0x0000000089b80000)
 Metaspace       used 100256K, capacity 105060K, committed 105880K, reserved 1140736K
  class space    used 13111K, capacity 14030K, committed 14256K, reserved 1048576K
}
Event: 162.307 GC heap before
{Heap before GC invocations=41 (full 6):
 PSYoungGen      total 448512K, used 420591K [0x00000000d5580000, 0x00000000f5400000, 0x0000000100000000)
  eden space 395776K, 100% used [0x00000000d5580000,0x00000000ed800000,0x00000000ed800000)
  from space 52736K, 47% used [0x00000000f2080000,0x00000000f38bbd20,0x00000000f5400000)
  to   space 63488K, 0% used [0x00000000ed800000,0x00000000ed800000,0x00000000f1600000)
 ParOldGen       total 159232K, used 124365K [0x0000000080000000, 0x0000000089b80000, 0x00000000d5580000)
  object space 159232K, 78% used [0x0000000080000000,0x0000000087973438,0x0000000089b80000)
 Metaspace       used 100272K, capacity 105064K, committed 105880K, reserved 1140736K
  class space    used 13111K, capacity 14030K, committed 14256K, reserved 1048576K
Event: 162.488 GC heap after
Heap after GC invocations=41 (full 6):
 PSYoungGen      total 459264K, used 29956K [0x00000000d5580000, 0x00000000f5400000, 0x0000000100000000)
  eden space 395776K, 0% used [0x00000000d5580000,0x00000000d5580000,0x00000000ed800000)
  from space 63488K, 47% used [0x00000000ed800000,0x00000000ef541250,0x00000000f1600000)
  to   space 52736K, 0% used [0x00000000f2080000,0x00000000f2080000,0x00000000f5400000)
 ParOldGen       total 159232K, used 124365K [0x0000000080000000, 0x0000000089b80000, 0x00000000d5580000)
  object space 159232K, 78% used [0x0000000080000000,0x0000000087973438,0x0000000089b80000)
 Metaspace       used 100272K, capacity 105064K, committed 105880K, reserved 1140736K
  class space    used 13111K, capacity 14030K, committed 14256K, reserved 1048576K
}
Event: 164.796 GC heap before
{Heap before GC invocations=42 (full 6):
 PSYoungGen      total 459264K, used 425732K [0x00000000d5580000, 0x00000000f5400000, 0x0000000100000000)
  eden space 395776K, 100% used [0x00000000d5580000,0x00000000ed800000,0x00000000ed800000)
  from space 63488K, 47% used [0x00000000ed800000,0x00000000ef541250,0x00000000f1600000)
  to   space 52736K, 0% used [0x00000000f2080000,0x00000000f2080000,0x00000000f5400000)
 ParOldGen       total 159232K, used 124365K [0x0000000080000000, 0x0000000089b80000, 0x00000000d5580000)
  object space 159232K, 78% used [0x0000000080000000,0x0000000087973438,0x0000000089b80000)
 Metaspace       used 100398K, capacity 105224K, committed 106136K, reserved 1140736K
  class space    used 13114K, capacity 14062K, committed 14256K, reserved 1048576K
Event: 164.891 GC heap after
Heap after GC invocations=42 (full 6):
 PSYoungGen      total 448512K, used 35176K [0x00000000d5580000, 0x00000000f5400000, 0x0000000100000000)
  eden space 395776K, 0% used [0x00000000d5580000,0x00000000d5580000,0x00000000ed800000)
  from space 52736K, 66% used [0x00000000f2080000,0x00000000f42da390,0x00000000f5400000)
  to   space 63488K, 0% used [0x00000000ed800000,0x00000000ed800000,0x00000000f1600000)
 ParOldGen       total 159232K, used 124365K [0x0000000080000000, 0x0000000089b80000, 0x00000000d5580000)
  object space 159232K, 78% used [0x0000000080000000,0x0000000087973438,0x0000000089b80000)
 Metaspace       used 100398K, capacity 105224K, committed 106136K, reserved 1140736K
  class space    used 13114K, capacity 14062K, committed 14256K, reserved 1048576K
}

